INFO  23:32:59  (TestBase.java:97) - Writing debug log to: C:\Selenium Workspace/Logs/basic/PageObjectCode349.log
INFO  23:32:59  (TestBase.java:217) - Starting to record the test
INFO  23:32:59  (FileUtilis.java:48) - Created dir: C:\Selenium Workspace/Recordings/basic/PageObjectCode
INFO  23:32:59  (TestBase.java:223) - Saving recording to: 'C:\Selenium Workspace/Recordings/basic/PageObjectCode'.
INFO  23:33:00  (TestBase.java:158) - *************************************************************************
INFO  23:33:00  (TestBase.java:159) - The 'PageObjectCode' test has started.
INFO  23:33:00  (TestBase.java:160) - Start time: 23/11/2022 23:33:00
INFO  23:33:00  (TestBase.java:161) - *************************************************************************
INFO  23:33:02  (MenusPage.java:26) - Click Register link
INFO  23:33:04  (RegisterPage.java:30) - Enter first name: Moshe
INFO  23:33:04  (RegisterPage.java:37) - Enter first name: Zucmir
INFO  23:33:04  (RegisterPage.java:44) - Enter mail addres: ReplaffseAfterOneUse@gmail.com
INFO  23:33:04  (RegisterPage.java:51) - Enter password: 123456
INFO  23:33:05  (RegisterPage.java:57) - Confirm password: 123456
INFO  23:33:05  (RegisterPage.java:65) - Click Register Button
FATAL 23:33:36  (TestBase.java:126) - Expected condition failed: waiting for presence of element located by: By.cssSelector: .result (tried for 30 second(s) with 500 milliseconds interval)
INFO  23:33:37  (ApplicationManager1.java:123) - Application screenshot is saved in: C:\Selenium Workspace/Screenshots/basic/Failure screenshot for PageObjectCode2311222333482.png
INFO  23:33:37  (TestBase.java:241) - Stop the recording of the test
INFO  23:33:38  (TestBase.java:270) - Recording is saved in: /Users/nadavimergreen/eclipse-workspace/automation_project/C:\Selenium Workspace/Recordings/basic/PageObjectCode/PageObjectCode2311222333.avi
INFO  23:33:38  (TestBase.java:181) - *************************************************************************
INFO  23:33:38  (TestBase.java:182) - The 'PageObjectCode' test has ended with error.
INFO  23:33:38  (TestBase.java:183) - Start time: 23/11/2022 23:33:00
INFO  23:33:38  (TestBase.java:184) - End time:       23/11/2022 23:33:38.
INFO  23:33:38  (TestBase.java:185) - -------------------------------------------------------------------------
INFO  23:33:38  (TestBase.java:186) - Total run time: 0 days, 0 hours, 0 minutes, 37.443 seconds.
INFO  23:33:38  (TestBase.java:187) - *************************************************************************
