INFO  17:52:41  (TestBase.java:97) - Writing debug log to: C:\Selenium Workspace/Logs/basic/PageObjectCode961.log
INFO  17:52:42  (TestBase.java:158) - *************************************************************************
INFO  17:52:42  (TestBase.java:159) - The 'PageObjectCode' test has started.
INFO  17:52:42  (TestBase.java:160) - Start time: 22/11/2022 17:52:42
INFO  17:52:42  (TestBase.java:161) - *************************************************************************
INFO  17:52:43  (MenusPage.java:24) - Click Register link
FATAL 17:52:46  (TestBase.java:126) - no such element: Unable to locate element: {"method":"css selector","selector":"welcome to our store"}
  (Session info: chrome=107.0.5304.110)
  (Driver info: chromedriver=107.0.5304.62 (1eec40d3a5764881c92085aaee66d25075c159aa-refs/branch-heads/5304@{#942}),platform=Mac OS X 12.6.0 x86_64) (WARNING: The server did not provide any stacktrace information)
Command duration or timeout: 0 milliseconds
For documentation on this error, please visit: http://seleniumhq.org/exceptions/no_such_element.html
Build info: version: '3.14.0', revision: 'aacccce0', time: '2018-08-02T20:19:58.91Z'
System info: host: 'Nadavs-MacBook-Pro.local', ip: '2a00:a040:1a1:fab4:d98c:3b26:19e7:c9a9%en0', os.name: 'Mac OS X', os.arch: 'x86_64', os.version: '12.6', java.version: '17.0.5'
Driver info: org.openqa.selenium.chrome.ChromeDriver
Capabilities {acceptInsecureCerts: false, acceptSslCerts: false, browserConnectionEnabled: false, browserName: chrome, chrome: {chromedriverVersion: 107.0.5304.62 (1eec40d3a576..., userDataDir: /var/folders/2q/w46whz8922g...}, cssSelectorsEnabled: true, databaseEnabled: false, goog:chromeOptions: {debuggerAddress: localhost:54235}, handlesAlerts: true, hasTouchScreen: false, javascriptEnabled: true, locationContextEnabled: true, mobileEmulationEnabled: false, nativeEvents: true, networkConnectionEnabled: false, pageLoadStrategy: normal, platform: MAC, platformName: MAC, proxy: Proxy(), rotatable: false, setWindowRect: true, strictFileInteractability: false, takesHeapSnapshot: true, takesScreenshot: true, timeouts: {implicit: 0, pageLoad: 300000, script: 30000}, unexpectedAlertBehaviour: ignore, unhandledPromptBehavior: ignore, version: 107.0.5304.110, webStorageEnabled: true, webauthn:extension:credBlob: true, webauthn:extension:largeBlob: true, webauthn:virtualAuthenticators: true}
Session ID: b3f5c084f4f1d0762b81753f15c4059a
*** Element info: {Using=css selector, value=welcome to our store}
INFO  17:52:47  (ApplicationManager1.java:123) - Application screenshot is saved in: C:\Selenium Workspace/Screenshots/basic/Failure screenshot for PageObjectCode2211221752402.png
INFO  17:52:47  (TestBase.java:181) - *************************************************************************
INFO  17:52:47  (TestBase.java:182) - The 'PageObjectCode' test has ended with error.
INFO  17:52:47  (TestBase.java:183) - Start time: 22/11/2022 17:52:42
INFO  17:52:47  (TestBase.java:184) - End time:       22/11/2022 17:52:47.
INFO  17:52:47  (TestBase.java:185) - -------------------------------------------------------------------------
INFO  17:52:47  (TestBase.java:186) - Total run time: 0 days, 0 hours, 0 minutes, 4.701 seconds.
INFO  17:52:47  (TestBase.java:187) - *************************************************************************
